[    0.000000] Initializing cgroup subsys cpuset
[    0.000000] Initializing cgroup subsys cpu
[    0.000000] Initializing cgroup subsys cpuacct
[    0.000000] Linux version 4.4.0-184-generic (buildd@lgw01-amd64-060) (gcc version 5.4.0 20160609 (Ubuntu 5.4.0-6ubuntu1~16.04.12) ) #214-Ubuntu SMP Thu Jun 4 10:14:11 UTC 2020 (Ubuntu 4.4.0-184.214-generic 4.4.223)
[    0.000000] Command line: BOOT_IMAGE=/boot/vmlinuz-4.4.0-184-generic root=LABEL=cloudimg-rootfs ro console=tty1 console=ttyS0
[    0.000000] KERNEL supported cpus:
[    0.000000]   Intel GenuineIntel
[    0.000000]   AMD AuthenticAMD
[    0.000000]   Centaur CentaurHauls
[    0.000000] x86/fpu: xstate_offset[2]:  576, xstate_sizes[2]:  256
[    0.000000] x86/fpu: Supporting XSAVE feature 0x01: 'x87 floating point registers'
[    0.000000] x86/fpu: Supporting XSAVE feature 0x02: 'SSE registers'
[    0.000000] x86/fpu: Supporting XSAVE feature 0x04: 'AVX registers'
[    0.000000] x86/fpu: Enabled xstate features 0x7, context size is 832 bytes, using 'standard' format.
[    0.000000] e820: BIOS-provided physical RAM map:
[    0.000000] BIOS-e820: [mem 0x0000000000000000-0x000000000009fbff] usable
[    0.000000] BIOS-e820: [mem 0x000000000009fc00-0x000000000009ffff] reserved
[    0.000000] BIOS-e820: [mem 0x00000000000f0000-0x00000000000fffff] reserved
[    0.000000] BIOS-e820: [mem 0x0000000000100000-0x000000003ffeffff] usable
[    0.000000] BIOS-e820: [mem 0x000000003fff0000-0x000000003fffffff] ACPI data
[    0.000000] BIOS-e820: [mem 0x00000000fec00000-0x00000000fec00fff] reserved
[    0.000000] BIOS-e820: [mem 0x00000000fee00000-0x00000000fee00fff] reserved
[    0.000000] BIOS-e820: [mem 0x00000000fffc0000-0x00000000ffffffff] reserved
[    0.000000] NX (Execute Disable) protection: active
[    0.000000] SMBIOS 2.5 present.
[    0.000000] Hypervisor detected: KVM
[    0.000000] e820: last_pfn = 0x3fff0 max_arch_pfn = 0x400000000
[    0.000000] MTRR: Disabled
[    0.000000] x86/PAT: MTRRs disabled, skipping PAT initialization too.
[    0.000000] CPU MTRRs all blank - virtualized system.
[    0.000000] x86/PAT: Configuration [0-7]: WB  WT  UC- UC  WB  WT  UC- UC  
[    0.000000] found SMP MP-table at [mem 0x0009fff0-0x0009ffff] mapped at [ffff88000009fff0]
[    0.000000] Scanning 1 areas for low memory corruption
[    0.000000] RAMDISK: [mem 0x362de000-0x37166fff]
[    0.000000] ACPI: Early table checksum verification disabled
[    0.000000] ACPI: RSDP 0x00000000000E0000 000024 (v02 VBOX  )
[    0.000000] ACPI: XSDT 0x000000003FFF0030 00003C (v01 VBOX   VBOXXSDT 00000001 ASL  00000061)
[    0.000000] ACPI: FACP 0x000000003FFF00F0 0000F4 (v04 VBOX   VBOXFACP 00000001 ASL  00000061)
[    0.000000] ACPI: DSDT 0x000000003FFF0470 002325 (v02 VBOX   VBOXBIOS 00000002 INTL 20100528)
[    0.000000] ACPI: FACS 0x000000003FFF0200 000040
[    0.000000] ACPI: FACS 0x000000003FFF0200 000040
[    0.000000] ACPI: APIC 0x000000003FFF0240 00005C (v02 VBOX   VBOXAPIC 00000001 ASL  00000061)
[    0.000000] ACPI: SSDT 0x000000003FFF02A0 0001CC (v01 VBOX   VBOXCPUT 00000002 INTL 20100528)
[    0.000000] No NUMA configuration found
[    0.000000] Faking a node at [mem 0x0000000000000000-0x000000003ffeffff]
[    0.000000] NODE_DATA(0) allocated [mem 0x3ffeb000-0x3ffeffff]
[    0.000000] kvm-clock: Using msrs 4b564d01 and 4b564d00
[    0.000000] kvm-clock: cpu 0, msr 0:3ffe3001, primary cpu clock
[    0.000000] kvm-clock: using sched offset of 3637573692 cycles
[    0.000000] clocksource: kvm-clock: mask: 0xffffffffffffffff max_cycles: 0x1cd42e4dffb, max_idle_ns: 881590591483 ns
[    0.000000] Zone ranges:
[    0.000000]   DMA      [mem 0x0000000000001000-0x0000000000ffffff]
[    0.000000]   DMA32    [mem 0x0000000001000000-0x000000003ffeffff]
[    0.000000]   Normal   empty
[    0.000000]   Device   empty
[    0.000000] Movable zone start for each node
[    0.000000] Early memory node ranges
[    0.000000]   node   0: [mem 0x0000000000001000-0x000000000009efff]
[    0.000000]   node   0: [mem 0x0000000000100000-0x000000003ffeffff]
[    0.000000] Initmem setup node 0 [mem 0x0000000000001000-0x000000003ffeffff]
[    0.000000] ACPI: PM-Timer IO Port: 0x4008
[    0.000000] IOAPIC[0]: apic_id 2, version 32, address 0xfec00000, GSI 0-23
[    0.000000] ACPI: INT_SRC_OVR (bus 0 bus_irq 0 global_irq 2 dfl dfl)
[    0.000000] ACPI: INT_SRC_OVR (bus 0 bus_irq 9 global_irq 9 low level)
[    0.000000] Using ACPI (MADT) for SMP configuration information
[    0.000000] smpboot: Allowing 2 CPUs, 0 hotplug CPUs
[    0.000000] PM: Registered nosave memory: [mem 0x00000000-0x00000fff]
[    0.000000] PM: Registered nosave memory: [mem 0x0009f000-0x0009ffff]
[    0.000000] PM: Registered nosave memory: [mem 0x000a0000-0x000effff]
[    0.000000] PM: Registered nosave memory: [mem 0x000f0000-0x000fffff]
[    0.000000] e820: [mem 0x40000000-0xfebfffff] available for PCI devices
[    0.000000] Booting paravirtualized kernel on KVM
[    0.000000] clocksource: refined-jiffies: mask: 0xffffffff max_cycles: 0xffffffff, max_idle_ns: 7645519600211568 ns
[    0.000000] setup_percpu: NR_CPUS:512 nr_cpumask_bits:512 nr_cpu_ids:2 nr_node_ids:1
[    0.000000] PERCPU: Embedded 33 pages/cpu @ffff88003fc00000 s95448 r8192 d31528 u1048576
[    0.000000] Built 1 zonelists in Node order, mobility grouping on.  Total pages: 257912
[    0.000000] Policy zone: DMA32
[    0.000000] Kernel command line: BOOT_IMAGE=/boot/vmlinuz-4.4.0-184-generic root=LABEL=cloudimg-rootfs ro console=tty1 console=ttyS0
[    0.000000] PID hash table entries: 4096 (order: 3, 32768 bytes)
[    0.000000] Memory: 997664K/1048120K available (8632K kernel code, 1336K rwdata, 4036K rodata, 1492K init, 1292K bss, 50456K reserved, 0K cma-reserved)
[    0.000000] SLUB: HWalign=64, Order=0-3, MinObjects=0, CPUs=2, Nodes=1
[    0.000000] Kernel/User page tables isolation: enabled
[    0.000000] Hierarchical RCU implementation.
[    0.000000] 	Build-time adjustment of leaf fanout to 64.
[    0.000000] 	RCU restricting CPUs from NR_CPUS=512 to nr_cpu_ids=2.
[    0.000000] RCU: Adjusting geometry for rcu_fanout_leaf=64, nr_cpu_ids=2
[    0.000000] NR_IRQS:33024 nr_irqs:440 16
[    0.000000] Console: colour VGA+ 80x25
[    0.000000] console [tty1] enabled
[    0.000000] console [ttyS0] enabled
[    0.000000] tsc: Detected 2394.460 MHz processor
[    0.178833] Calibrating delay loop (skipped) preset value.. 4788.92 BogoMIPS (lpj=9577840)
[    0.181018] pid_max: default: 32768 minimum: 301
[    0.182104] ACPI: Core revision 20150930
[    0.184044] ACPI: 2 ACPI AML tables successfully acquired and loaded
[    0.185799] Security Framework initialized
[    0.186913] Yama: becoming mindful.
[    0.187897] AppArmor: AppArmor initialized
[    0.188953] Dentry cache hash table entries: 131072 (order: 8, 1048576 bytes)
[    0.194711] Inode-cache hash table entries: 65536 (order: 7, 524288 bytes)
[    0.196284] Mount-cache hash table entries: 2048 (order: 2, 16384 bytes)
[    0.197805] Mountpoint-cache hash table entries: 2048 (order: 2, 16384 bytes)
[    0.199563] Initializing cgroup subsys io
[    0.200570] Initializing cgroup subsys memory
[    0.201703] Initializing cgroup subsys devices
[    0.202804] Initializing cgroup subsys freezer
[    0.203915] Initializing cgroup subsys net_cls
[    0.205210] Initializing cgroup subsys perf_event
[    0.206371] Initializing cgroup subsys net_prio
[    0.207436] Initializing cgroup subsys hugetlb
[    0.208458] Initializing cgroup subsys pids
[    0.210559] mce: CPU supports 0 MCE banks
[    0.211750] Last level iTLB entries: 4KB 1024, 2MB 1024, 4MB 1024
[    0.213083] Last level dTLB entries: 4KB 1024, 2MB 1024, 4MB 1024, 1GB 4
[    0.214833] Spectre V1 : Mitigation: usercopy/swapgs barriers and __user pointer sanitization
[    0.217011] Spectre V2 : Mitigation: Full generic retpoline
[    0.220120] Spectre V2 : Spectre v2 / SpectreRSB mitigation: Filling RSB on context switch
[    0.222047] Speculative Store Bypass: Vulnerable
[    0.223219] SRBDS: Unknown: Dependent on hypervisor status
[    0.224781] MDS: Vulnerable: Clear CPU buffers attempted, no microcode
[    0.230629] Freeing SMP alternatives memory: 36K
[    0.239042] ftrace: allocating 32319 entries in 127 pages
[    0.314653] smpboot: APIC(0) Converting physical 0 to logical package 0
[    0.316391] smpboot: Max logical packages: 1
[    0.317701] x2apic enabled
[    0.318680] Switched APIC routing to physical x2apic.
[    0.321009] ..TIMER: vector=0x30 apic1=0 pin1=2 apic2=-1 pin2=-1
[    0.430536] smpboot: CPU0: Intel(R) Core(TM) i7-4500U CPU @ 1.80GHz (family: 0x6, model: 0x45, stepping: 0x1)
[    0.432889] Performance Events: unsupported p6 CPU model 69 no PMU driver, software events only.
[    0.447857] KVM setup paravirtual spinlock
[    0.449756] x86: Booting SMP configuration:
[    0.450869] .... node  #0, CPUs:      #1
[    0.452054] kvm-clock: cpu 1, msr 0:3ffe3041, secondary cpu clock
[    0.454168] mce: CPU supports 0 MCE banks
[    0.458699] x86: Booted up 1 node, 2 CPUs
[    0.459966] smpboot: Total of 2 processors activated (9577.84 BogoMIPS)
[    0.462282] devtmpfs: initialized
[    0.464872] evm: security.selinux
[    0.465858] evm: security.SMACK64
[    0.466739] evm: security.SMACK64EXEC
[    0.467763] evm: security.SMACK64TRANSMUTE
[    0.468726] evm: security.SMACK64MMAP
[    0.469587] evm: security.ima
[    0.470347] evm: security.capability
[    0.471484] clocksource: jiffies: mask: 0xffffffff max_cycles: 0xffffffff, max_idle_ns: 7645041785100000 ns
[    0.473525] futex hash table entries: 512 (order: 3, 32768 bytes)
[    0.475086] pinctrl core: initialized pinctrl subsystem
[    0.476449] RTC time:  7:49:12, date: 06/24/20
[    0.477949] NET: Registered protocol family 16
[    0.491520] cpuidle: using governor ladder
[    0.503232] cpuidle: using governor menu
[    0.504459] PCCT header not found.
[    0.505646] ACPI: bus type PCI registered
[    0.506829] acpiphp: ACPI Hot Plug PCI Controller Driver version: 0.5
[    0.508582] PCI: Using configuration type 1 for base access
[    0.524019] ACPI: Added _OSI(Module Device)
[    0.525237] ACPI: Added _OSI(Processor Device)
[    0.526504] ACPI: Added _OSI(3.0 _SCP Extensions)
[    0.527813] ACPI: Added _OSI(Processor Aggregator Device)
[    0.529976] ACPI: Executed 1 blocks of module-level executable AML code
[    0.533730] ACPI: Interpreter enabled
[    0.534876] ACPI: (supports S0 S5)
[    0.535803] ACPI: Using IOAPIC for interrupt routing
[    0.537212] PCI: Using host bridge windows from ACPI; if necessary, use "pci=nocrs" and report a bug
[    0.543362] ACPI: PCI Root Bridge [PCI0] (domain 0000 [bus 00-ff])
[    0.545156] acpi PNP0A03:00: _OSC: OS supports [ASPM ClockPM Segments MSI]
[    0.547285] acpi PNP0A03:00: _OSC: not requesting OS control; OS requires [ExtendedConfig ASPM ClockPM MSI]
[    0.549575] acpi PNP0A03:00: fail to add MMCONFIG information, can't access extended PCI configuration space under this bridge.
[    0.552602] PCI host bridge to bus 0000:00
[    0.553648] pci_bus 0000:00: root bus resource [io  0x0000-0x0cf7 window]
[    0.556694] pci_bus 0000:00: root bus resource [io  0x0d00-0xffff window]
[    0.558413] pci_bus 0000:00: root bus resource [mem 0x000a0000-0x000bffff window]
[    0.560525] pci_bus 0000:00: root bus resource [mem 0x40000000-0xfdffffff window]
[    0.562762] pci_bus 0000:00: root bus resource [bus 00-ff]
[    0.567199] pci 0000:00:01.1: legacy IDE quirk: reg 0x10: [io  0x01f0-0x01f7]
[    0.568821] pci 0000:00:01.1: legacy IDE quirk: reg 0x14: [io  0x03f6]
[    0.570283] pci 0000:00:01.1: legacy IDE quirk: reg 0x18: [io  0x0170-0x0177]
[    0.582721] pci 0000:00:01.1: legacy IDE quirk: reg 0x1c: [io  0x0376]
[    0.601663] pci 0000:00:07.0: quirk: [io  0x4000-0x403f] claimed by PIIX4 ACPI
[    0.603631] pci 0000:00:07.0: quirk: [io  0x4100-0x410f] claimed by PIIX4 SMB
[    0.617239] ACPI: PCI Interrupt Link [LNKA] (IRQs 5 9 10 *11)
[    0.619473] ACPI: PCI Interrupt Link [LNKB] (IRQs 5 9 *10 11)
[    0.621370] ACPI: PCI Interrupt Link [LNKC] (IRQs 5 *9 10 11)
[    0.623589] ACPI: PCI Interrupt Link [LNKD] (IRQs 5 9 10 *11)
[    0.625992] ACPI: Enabled 2 GPEs in block 00 to 07
[    0.628916] vgaarb: setting as boot device: PCI:0000:00:02.0
[    0.630310] vgaarb: device added: PCI:0000:00:02.0,decodes=io+mem,owns=io+mem,locks=none
[    0.632335] vgaarb: loaded
[    0.633357] vgaarb: bridge control possible 0000:00:02.0
[    0.635200] SCSI subsystem initialized
[    0.636538] ACPI: bus type USB registered
[    0.637646] usbcore: registered new interface driver usbfs
[    0.639070] usbcore: registered new interface driver hub
[    0.640393] usbcore: registered new device driver usb
[    0.642114] PCI: Using ACPI for IRQ routing
[    0.647444] NetLabel: Initializing
[    0.648846] NetLabel:  domain hash size = 128
[    0.649960] NetLabel:  protocols = UNLABELED CIPSOv4
[    0.651208] NetLabel:  unlabeled traffic allowed by default
[    0.652762] amd_nb: Cannot enumerate AMD northbridges
[    0.654166] clocksource: Switched to clocksource kvm-clock
[    0.668330] AppArmor: AppArmor Filesystem Enabled
[    0.669648] pnp: PnP ACPI init
[    0.671335] pnp: PnP ACPI: found 3 devices
[    0.684205] clocksource: acpi_pm: mask: 0xffffff max_cycles: 0xffffff, max_idle_ns: 2085701024 ns
[    0.686592] NET: Registered protocol family 2
[    0.687929] TCP established hash table entries: 8192 (order: 4, 65536 bytes)
[    0.689597] TCP bind hash table entries: 8192 (order: 5, 131072 bytes)
[    0.691227] TCP: Hash tables configured (established 8192 bind 8192)
[    0.692703] UDP hash table entries: 512 (order: 2, 16384 bytes)
[    0.694131] UDP-Lite hash table entries: 512 (order: 2, 16384 bytes)
[    0.695941] NET: Registered protocol family 1
[    0.697048] pci 0000:00:00.0: Limiting direct PCI/PCI transfers
[    0.698414] pci 0000:00:01.0: Activating ISA DMA hang workarounds
[    0.699972] Unpacking initramfs...
[    1.011196] Freeing initrd memory: 14884K
[    1.012431] RAPL PMU detected, API unit is 2^-32 Joules, 4 fixed counters 10737418240 ms ovfl timer
[    1.014887] hw unit of domain pp0-core 2^-0 Joules
[    1.016039] hw unit of domain package 2^-0 Joules
[    1.017210] hw unit of domain dram 2^-0 Joules
[    1.018370] hw unit of domain pp1-gpu 2^-0 Joules
[    1.019570] clocksource: tsc: mask: 0xffffffffffffffff max_cycles: 0x2283c649547, max_idle_ns: 440795304016 ns
[    1.021929] platform rtc_cmos: registered platform RTC device (no PNP device found)
[    1.024334] Scanning for low memory corruption every 60 seconds
[    1.026992] audit: initializing netlink subsys (disabled)
[    1.028861] audit: type=2000 audit(1592984957.139:1): initialized
[    1.030620] Initialise system trusted keyring
[    1.032438] HugeTLB registered 2 MB page size, pre-allocated 0 pages
[    1.035729] zbud: loaded
[    1.037061] VFS: Disk quotas dquot_6.6.0
[    1.038058] VFS: Dquot-cache hash table entries: 512 (order 0, 4096 bytes)
[    1.040091] squashfs: version 4.0 (2009/01/31) Phillip Lougher
[    1.041853] fuse init (API version 7.23)
[    1.043076] Key type big_key registered
[    1.044029] Allocating IMA MOK and blacklist keyrings.
[    1.046930] Key type asymmetric registered
[    1.047974] Asymmetric key parser 'x509' registered
[    1.049251] Block layer SCSI generic (bsg) driver version 0.4 loaded (major 249)
[    1.051355] io scheduler noop registered
[    1.052348] io scheduler deadline registered (default)
[    1.053607] io scheduler cfq registered
[    1.055810] pci_hotplug: PCI Hot Plug PCI Core version: 0.5
[    1.056985] pciehp: PCI Express Hot Plug Controller Driver version: 0.4
[    1.058475] ACPI: AC Adapter [AC] (on-line)
[    1.059580] input: Power Button as /devices/LNXSYSTM:00/LNXPWRBN:00/input/input0
[    1.061388] ACPI: Power Button [PWRF]
[    1.062566] input: Sleep Button as /devices/LNXSYSTM:00/LNXSLPBN:00/input/input1
[    1.064514] ACPI: Sleep Button [SLPF]
[    1.065869] GHES: HEST is not enabled!
[    1.067098] ACPI: Battery Slot [BAT0] (battery present)
[    1.067195] Serial: 8250/16550 driver, 32 ports, IRQ sharing enabled
[    1.088700] 00:02: ttyS0 at I/O 0x3f8 (irq = 4, base_baud = 115200) is a 16550A
[    1.091153] Linux agpgart interface v0.103
[    1.095566] loop: module loaded
[    1.097212] scsi host0: ata_piix
[    1.098325] scsi host1: ata_piix
[    1.099222] ata1: PATA max UDMA/33 cmd 0x1f0 ctl 0x3f6 bmdma 0xd000 irq 14
[    1.100742] ata2: PATA max UDMA/33 cmd 0x170 ctl 0x376 bmdma 0xd008 irq 15
[    1.102655] libphy: Fixed MDIO Bus: probed
[    1.103727] tun: Universal TUN/TAP device driver, 1.6
[    1.105282] tun: (C) 1999-2004 Max Krasnyansky <maxk@qualcomm.com>
[    1.106938] PPP generic driver version 2.4.2
[    1.108049] ehci_hcd: USB 2.0 'Enhanced' Host Controller (EHCI) Driver
[    1.109580] ehci-pci: EHCI PCI platform driver
[    1.110796] ehci-platform: EHCI generic platform driver
[    1.112073] ohci_hcd: USB 1.1 'Open' Host Controller (OHCI) Driver
[    1.113437] ohci-pci: OHCI PCI platform driver
[    1.114773] ohci-platform: OHCI generic platform driver
[    1.116046] uhci_hcd: USB Universal Host Controller Interface driver
[    1.117631] i8042: PNP: PS/2 Controller [PNP0303:PS2K,PNP0f03:PS2M] at 0x60,0x64 irq 1,12
[    1.120256] serio: i8042 KBD port at 0x60,0x64 irq 1
[    1.121479] serio: i8042 AUX port at 0x60,0x64 irq 12
[    1.122856] mousedev: PS/2 mouse device common for all mice
[    1.125177] rtc_cmos rtc_cmos: rtc core: registered rtc_cmos as rtc0
[    1.125227] input: AT Translated Set 2 keyboard as /devices/platform/i8042/serio0/input/input2
[    1.128891] rtc_cmos rtc_cmos: alarms up to one day, 114 bytes nvram
[    1.130349] i2c /dev entries driver
[    1.131398] device-mapper: uevent: version 1.0.3
[    1.132718] device-mapper: ioctl: 4.34.0-ioctl (2015-10-28) initialised: dm-devel@redhat.com
[    1.135323] ledtrig-cpu: registered to indicate activity on CPUs
[    1.137587] NET: Registered protocol family 10
[    1.139040] NET: Registered protocol family 17
[    1.140219] Key type dns_resolver registered
[    1.142043] registered taskstats version 1
[    1.143187] Loading compiled-in X.509 certificates
[    1.145241] Loaded X.509 cert 'Build time autogenerated kernel key: b6ae09eed57f82583ccd3c65c463e852cdd7a0b5'
[    1.147669] zswap: loaded using pool lzo/zbud
[    1.150955] Key type trusted registered
[    1.155467] Key type encrypted registered
[    1.156500] AppArmor: AppArmor sha1 policy hashing enabled
[    1.157911] ima: No TPM chip found, activating TPM-bypass!
[    1.159205] ima: Allocated hash algorithm: sha1
[    1.160353] evm: HMAC attrs: 0x1
[    1.161666]   Magic number: 8:332:825
[    1.162793] rtc_cmos rtc_cmos: setting system clock to 2020-06-24 07:49:12 UTC (1592984952)
[    1.165302] BIOS EDD facility v0.16 2004-Jun-25, 0 devices found
[    1.166686] EDD information not available.
[    1.283658] Freeing unused kernel memory: 1492K
[    1.285091] Write protecting the kernel read-only data: 14336k
[    1.287017] Freeing unused kernel memory: 1596K
[    1.288318] Freeing unused kernel memory: 60K
Loading, please wait...
starting version 229
[    1.309021] random: systemd-udevd: uninitialized urandom read (16 bytes read, 2 bits of entropy available)
[    1.309768] random: udevadm: uninitialized urandom read (16 bytes read, 2 bits of entropy available)
[    1.309803] random: udevadm: uninitialized urandom read (16 bytes read, 2 bits of entropy available)
[    1.317140] random: systemd-udevd: uninitialized urandom read (16 bytes read, 2 bits of entropy available)
[    1.319498] random: udevadm: uninitialized urandom read (16 bytes read, 2 bits of entropy available)
[    1.319541] random: udevadm: uninitialized urandom read (16 bytes read, 2 bits of entropy available)
[    1.319738] random: udevadm: uninitialized urandom read (16 bytes read, 2 bits of entropy available)
[    1.319789] random: udevadm: uninitialized urandom read (16 bytes read, 2 bits of entropy available)
[    1.319869] random: udevadm: uninitialized urandom read (16 bytes read, 2 bits of entropy available)
[    1.319945] random: udevadm: uninitialized urandom read (16 bytes read, 2 bits of entropy available)
[    1.366993] e1000: Intel(R) PRO/1000 Network Driver - version 7.3.21-k8-NAPI
[    1.368823] e1000: Copyright (c) 1999-2006 Intel Corporation.
[    1.387550] Fusion MPT base driver 3.04.20
[    1.388792] Copyright (c) 1999-2008 LSI Corporation
[    1.392750] AVX2 version of gcm_enc/dec engaged.
[    1.393910] AES CTR mode by8 optimization enabled
[    1.421601] Fusion MPT SPI Host driver 3.04.20
[    1.579233] input: ImExPS/2 Generic Explorer Mouse as /devices/platform/i8042/serio1/input/input4
[    1.775746] e1000 0000:00:03.0 eth0: (PCI:33MHz:32-bit) 02:89:fa:04:16:8f
[    1.777474] e1000 0000:00:03.0 eth0: Intel(R) PRO/1000 Network Connection
[    1.779880] mptbase: ioc0: Initiating bringup
[    2.446511] ioc0: LSI53C1030 A0: Capabilities={Initiator}
[    6.011318] scsi host2: ioc0: LSI53C1030 A0, FwRev=00000000h, Ports=1, MaxQ=256, IRQ=20
[    8.047123] scsi 2:0:0:0: Direct-Access     VBOX     HARDDISK         1.0  PQ: 0 ANSI: 5
[    8.049437] scsi target2:0:0: Beginning Domain Validation
[    8.053412] scsi target2:0:0: Domain Validation skipping write tests
[    8.054804] scsi target2:0:0: Ending Domain Validation
[    8.055961] scsi target2:0:0: asynchronous
[    8.068773] scsi 2:0:1:0: Direct-Access     VBOX     HARDDISK         1.0  PQ: 0 ANSI: 5
[    8.070683] scsi target2:0:1: Beginning Domain Validation
[    8.074693] scsi target2:0:1: Domain Validation skipping write tests
[    8.076184] scsi target2:0:1: Ending Domain Validation
[    8.077531] scsi target2:0:1: asynchronous
[    8.099170] sd 2:0:0:0: Attached scsi generic sg0 type 0
[    8.102455] sd 2:0:1:0: Attached scsi generic sg1 type 0
[    8.104411] sd 2:0:1:0: [sdb] 20480 512-byte logical blocks: (10.5 MB/10.0 MiB)
[    8.107248] sd 2:0:0:0: [sda] 20971520 512-byte logical blocks: (10.7 GB/10.0 GiB)
[    8.109962] sd 2:0:1:0: [sdb] Write Protect is off
[    8.111537] sd 2:0:0:0: [sda] Write Protect is off
[    8.113133] sd 2:0:1:0: [sdb] Incomplete mode parameter data
[    8.114723] sd 2:0:1:0: [sdb] Assuming drive cache: write through
[    8.116634] sd 2:0:0:0: [sda] Incomplete mode parameter data
[    8.118117] sd 2:0:0:0: [sda] Assuming drive cache: write through
[    8.121786]  sda: sda1
[    8.124026] sd 2:0:1:0: [sdb] Attached SCSI disk
[    8.125781] sd 2:0:0:0: [sda] Attached SCSI disk
[    8.431037] e1000 0000:00:08.0 eth1: (PCI:33MHz:32-bit) 08:00:27:49:be:a6
[    8.432558] e1000 0000:00:08.0 eth1: Intel(R) PRO/1000 Network Connection
[    8.435284] e1000 0000:00:08.0 enp0s8: renamed from eth1
[    8.447317] e1000 0000:00:03.0 enp0s3: renamed from eth0
Begin: Loading essential drivers ... [    9.814925] md: linear personality registered for level -1
[    9.819379] md: multipath personality registered for level -4
[    9.823778] md: raid0 personality registered for level 0
[    9.830852] md: raid1 personality registered for level 1
[    9.902394] raid6: sse2x1   gen()  8553 MB/s
[    9.970287] raid6: sse2x1   xor()  6598 MB/s
[   10.038654] raid6: sse2x2   gen() 10986 MB/s
[   10.106927] raid6: sse2x2   xor()  7306 MB/s
[   10.175253] raid6: sse2x4   gen() 12739 MB/s
[   10.242653] raid6: sse2x4   xor()  8614 MB/s
[   10.310974] raid6: avx2x1   gen() 16175 MB/s
[   10.378883] raid6: avx2x2   gen() 17901 MB/s
[   10.446337] raid6: avx2x4   gen() 22118 MB/s
[   10.447330] raid6: using algorithm avx2x4 gen() 22118 MB/s
[   10.448477] raid6: using avx2x2 recovery algorithm
[   10.454789] xor: automatically using best checksumming function:
[   10.494895]    avx       : 23078.000 MB/sec
[   10.498024] async_tx: api initialized (async)
[   10.511500] md: raid6 personality registered for level 6
[   10.512617] md: raid5 personality registered for level 5
[   10.514935] md: raid4 personality registered for level 4
[   10.522948] md: raid10 personality registered for level 10
done.
Begin: Running /scripts/init-premount ... done.
Begin: Mounting root file system ... Begin: Running /scripts/local-top ... done.
Begin: Running /scripts/local-premount ... [   10.558034] Btrfs loaded
Scanning for Btrfs filesystems
done.
Warning: fsck not present, so skipping root file system
[   10.593221] EXT4-fs (sda1): mounted filesystem with ordered data mode. Opts: (null)
done.
Begin: Running /scripts/local-bottom ... done.
Begin: Running /scripts/init-bottom ... done.
[   10.714361] systemd[1]: systemd 229 running in system mode. (+PAM +AUDIT +SELINUX +IMA +APPARMOR +SMACK +SYSVINIT +UTMP +LIBCRYPTSETUP +GCRYPT +GNUTLS +ACL +XZ -LZ4 +SECCOMP +BLKID +ELFUTILS +KMOD -IDN)
[   10.719252] systemd[1]: Detected virtualization oracle.
[   10.720594] systemd[1]: Detected architecture x86-64.

Welcome to [1mUbuntu 16.04.6 LTS[0m!

[   10.726018] systemd[1]: Set hostname to <ubuntu>.
[   10.730450] systemd[1]: Initializing machine ID from random generator.
[   10.732354] systemd[1]: Installed transient /etc/machine-id file.
[   10.870868] systemd[1]: Set up automount Arbitrary Executable File Formats File System Automount Point.
[[0;32m  OK  [0m] Set up automount Arbitrary Executab...ats File System Automount Point.
[   10.875473] systemd[1]: Created slice User and Session Slice.
[[0;32m  OK  [0m] Created slice User and Session Slice.
[   10.878042] systemd[1]: Listening on LVM2 poll daemon socket.
[[0;32m  OK  [0m] Listening on LVM2 poll daemon socket.
[   10.881403] systemd[1]: Reached target Swap.
[[0;32m  OK  [0m] Reached target Swap.
[   10.883958] systemd[1]: Listening on udev Kernel Socket.
[[0;32m  OK  [0m] Listening on udev Kernel Socket.
[   10.886399] systemd[1]: Started Trigger resolvconf update for networkd DNS.
[[0;32m  OK  [0m] Started Trigger resolvconf update for networkd DNS.
[   10.889216] systemd[1]: Listening on Journal Audit Socket.
[[0;32m  OK  [0m] Listening on Journal Audit Socket.
[   10.891204] systemd[1]: Listening on Journal Socket (/dev/log).
[[0;32m  OK  [0m] Listening on Journal Socket (/dev/log).
[   10.893316] systemd[1]: Started Forward Password Requests to Wall Directory Watch.
[[0;32m  OK  [0m] Started Forward Password Requests to Wall Directory Watch.
[   10.896446] systemd[1]: Listening on /dev/initctl Compatibility Named Pipe.
[[0;32m  OK  [0m] Listening on /dev/initctl Compatibility Named Pipe.
[   10.898787] systemd[1]: Listening on Device-mapper event daemon FIFOs.
[[0;32m  OK  [0m] Listening on Device-mapper event daemon FIFOs.
[   10.901387] systemd[1]: Reached target System Time Synchronized.
[[0;32m  OK  [0m] Reached target System Time Synchronized.
[   10.903813] systemd[1]: Reached target Encrypted Volumes.
[[0;32m  OK  [0m] Reached target Encrypted Volumes.
[   10.905917] systemd[1]: Listening on LVM2 metadata daemon socket.
[[0;32m  OK  [0m] Listening on LVM2 metadata daemon socket.
[   10.908422] systemd[1]: Listening on udev Control Socket.
[[0;32m  OK  [0m] Listening on udev Control Socket.
[   10.910938] systemd[1]: Created slice System Slice.
[[0;32m  OK  [0m] Created slice System Slice.
[   10.912957] systemd[1]: Reached target Slices.
[[0;32m  OK  [0m] Reached target Slices.
[   11.018731] systemd[1]: Created slice system-serial\x2dgetty.slice.
[[0;32m  OK  [0m] Created slice system-serial\x2dgetty.slice.
[   11.021324] systemd[1]: Listening on Journal Socket.
[[0;32m  OK  [0m] Listening on Journal Socket.
[   11.035009] systemd[1]: Mounting POSIX Message Queue File System...
         Mounting POSIX Message Queue File System...
[   11.043474] systemd[1]: Starting Create list of required static device nodes for the current kernel...
         Starting Create list of required st... nodes for the current kernel...
[   11.050267] systemd[1]: Starting Load Kernel Modules...
         Starting Load Kernel Modules...
[   11.053268] systemd[1]: Mounting Debug File System...
         Mounting Debug File System...
[   11.056988] systemd[1]: Starting Remount Root and Kernel File Systems...
         Starting Remount Root and Kernel File Systems...
[   11.061176] systemd[1]: Starting Uncomplicated firewall...
         Starting Uncomplicated firewall...
[   11.063574] Loading iSCSI transport class v2.0-870.
[   11.068217] systemd[1]: Starting Nameserver information manager...
         Starting Nameserver information manager...
[   11.071072] EXT4-fs (sda1): re-mounted. Opts: (null)
[   11.073880] systemd[1]: Starting Monitoring of LVM2 mirrors, snapshots etc. using dmeventd or progress polling...
[   11.078099] iscsi: registered transport (tcp)
         Starting Monitoring of LVM2 mirrors... dmeventd or progress polling...
[   11.081328] systemd[1]: Mounting Huge Pages File System...
         Mounting Huge Pages File System...
[   11.083733] systemd[1]: Listening on Syslog Socket.
[[0;32m  OK  [0m] Listening on Syslog Socket.
[   11.087241] systemd[1]: Starting Journal Service...
         Starting Journal Service...
[   11.091378] systemd[1]: Reached target User and Group Name Lookups.
[[0;32m  OK  [0m] Reached target User and Group Name Lookups.
[   11.115124] systemd[1]: Starting Set console keymap...
         Starting Set console keymap...
[   11.119886] systemd[1]: Mounted Huge Pages File System.
[[0;32m  OK  [0m] Mounted Huge Pages File System.
[   11.124007] systemd[1]: Mounted POSIX Message Queue File System.
[[0;32m  OK  [0m] Mounted POSIX Message Queue File System.
[   11.131525] systemd[1]: Mounted Debug File System.
[[0;32m  OK  [0m] Mounted Debug File System.
[   11.135907] systemd[1]: Started Create list of required static device nodes for the current kernel.
[[0;32m  OK  [0m] Started Create list of required sta...ce nodes for the current kernel.
[   11.142939] systemd[1]: Started Remount Root and Kernel File Systems.
[[0;32m  OK  [0m] Started Remount Root and Kernel File Systems.
[   11.147370] systemd[1]: Started Uncomplicated firewall.
[[0;32m  OK  [0m] Started Uncomplicated firewall.
[   11.158778] iscsi: registered transport (iser)
[   11.167520] systemd[1]: Started Load Kernel Modules.
[[0;32m  OK  [0m] Started Load Kernel Modules.
[   11.171947] systemd[1]: Started Set console keymap.
[[0;32m  OK  [0m] Started Set console keymap.
[   11.174465] systemd[1]: Started Journal Service.
[[0;32m  OK  [0m] Started Journal Service.
[[0;32m  OK  [0m] Started Nameserver information manager.
[[0;32m  OK  [0m] Started LVM2 metadata daemon.
         Mounting FUSE Control File System...
         Starting Apply Kernel Variables...
         Starting Load/Save Random Seed...
         Starting udev Coldplug all Devices...
         Starting Flush Journal to Persistent Storage...
         Starting Create Static Device Nodes in /dev...
[[0;32m  OK  [0m] Mounted FUSE Control File System.
[[0;32m  OK  [0m] Started Load/Save Random Seed.
[   11.212011] systemd-journald[391]: Received request to flush runtime journal from PID 1
[[0;32m  OK  [0m] Started Apply Kernel Variables.
[[0;32m  OK  [0m] Started Flush Journal to Persistent Storage.
[[0;32m  OK  [0m] Started Create Static Device Nodes in /dev.
         Starting udev Kernel Device Manager...
[[0;32m  OK  [0m] Started udev Coldplug all Devices.
[[0;32m  OK  [0m] Started udev Kernel Device Manager.
[[0;32m  OK  [0m] Started Dispatch Password Requests to Console Directory Watch.
[[0;32m  OK  [0m] Found device /dev/ttyS0.
[[0;32m  OK  [0m] Listening on Load/Save RF Kill Switch Status /dev/rfkill Watch.
[[0;32m  OK  [0m] Started Monitoring of LVM2 mirrors,...ng dmeventd or progress polling.
[[0;32m  OK  [0m] Reached target Local File Systems (Pre).
[[0;32m  OK  [0m] Reached target Local File Systems.
         Starting Create Volatile Files and Directories...
         Starting Tell Plymouth To Write Out Runtime Data...
         Starting Initial cloud-init job (pre-networking)...
         Starting Set console font and keymap...
         Starting LSB: AppArmor initialization...
         Starting Commit a transient machine-id on disk...
[[0;32m  OK  [0m] Started Create Volatile Files and Directories.
[[0;32m  OK  [0m] Started Tell Plymouth To Write Out Runtime Data.
         Starting Update UTMP about System Boot/Shutdown...
[[0;32m  OK  [0m] Started Commit a transient machine-id on disk.
[[0;32m  OK  [0m] Started Update UTMP about System Boot/Shutdown.
[[0;32m  OK  [0m] Started Set console font and keymap.
[[0;32m  OK  [0m] Created slice system-getty.slice.
[   13.185006] cloud-init[622]: Cloud-init v. 19.4-33-gbb4131a2-0ubuntu1~16.04.1 running 'init-local' at Wed, 24 Jun 2020 07:49:24 +0000. Up 12.75 seconds.
[[0;32m  OK  [0m] Started LSB: AppArmor initialization.
[[0;32m  OK  [0m] Started Initial cloud-init job (pre-networking).
[[0;32m  OK  [0m] Reached target Network (Pre).
         Starting Raise network interfaces...
[[0;32m  OK  [0m] Started Raise network interfaces.
[[0;32m  OK  [0m] Reached target Network.
         Starting Initial cloud-init job (metadata service crawler)...
[   14.543734] cloud-init[961]: Cloud-init v. 19.4-33-gbb4131a2-0ubuntu1~16.04.1 running 'init' at Wed, 24 Jun 2020 07:49:25 +0000. Up 13.84 seconds.
[   14.545796] cloud-init[961]: ci-info: ++++++++++++++++++++++++++++++++++++++Net device info+++++++++++++++++++++++++++++++++++++++
[   14.547805] cloud-init[961]: ci-info: +--------+-------+----------------------------+---------------+--------+-------------------+
[   14.549486] cloud-init[961]: ci-info: | Device |   Up  |          Address           |      Mask     | Scope  |     Hw-Address    |
[   14.551337] cloud-init[961]: ci-info: +--------+-------+----------------------------+---------------+--------+-------------------+
[   14.553082] cloud-init[961]: ci-info: | enp0s3 |  True |         10.0.2.15          | 255.255.255.0 | global | 02:89:fa:04:16:8f |
[   14.554682] cloud-init[961]: ci-info: | enp0s3 |  True | fe80::89:faff:fe04:168f/64 |       .       |  link  | 02:89:fa:04:16:8f |
[   14.556761] cloud-init[961]: ci-info: | enp0s8 | False |             .              |       .       |   .    | 08:00:27:49:be:a6 |
[   14.564954] cloud-init[961]: ci-info: |   lo   |  True |         127.0.0.1          |   255.0.0.0   |  host  |         .         |
[   14.567238] cloud-init[961]: ci-info: |   lo   |  True |          ::1/128           |       .       |  host  |         .         |
[   14.576789] cloud-init[961]: ci-info: +--------+-------+----------------------------+---------------+--------+-------------------+
[   14.578595] cloud-init[961]: ci-info: +++++++++++++++++++++++++++Route IPv4 info++++++++++++++++++++++++++++
[   14.580356] cloud-init[961]: ci-info: +-------+-------------+----------+---------------+-----------+-------+
[   14.581768] cloud-init[961]: ci-info: | Route | Destination | Gateway  |    Genmask    | Interface | Flags |
[   14.583405] cloud-init[961]: ci-info: +-------+-------------+----------+---------------+-----------+-------+
[   14.585351] cloud-init[961]: ci-info: |   0   |   0.0.0.0   | 10.0.2.2 |    0.0.0.0    |   enp0s3  |   UG  |
[   14.587434] cloud-init[961]: ci-info: |   1   |   10.0.2.0  | 0.0.0.0  | 255.255.255.0 |   enp0s3  |   U   |
[   14.589380] cloud-init[961]: ci-info: +-------+-------------+----------+---------------+-----------+-------+
[   14.596925] cloud-init[961]: ci-info: +++++++++++++++++++Route IPv6 info+++++++++++++++++++
[   14.598638] cloud-init[961]: ci-info: +-------+-------------+---------+-----------+-------+
[   14.600493] cloud-init[961]: ci-info: | Route | Destination | Gateway | Interface | Flags |
[   14.602399] cloud-init[961]: ci-info: +-------+-------------+---------+-----------+-------+
[   14.604055] cloud-init[961]: ci-info: |   0   |  fe80::/64  |    ::   |   enp0s3  |   U   |
[   14.605659] cloud-init[961]: ci-info: |   3   |   ff00::/8  |    ::   |   enp0s3  |   U   |
[   14.607211] cloud-init[961]: ci-info: +-------+-------------+---------+-----------+-------+
[   14.608853] cloud-init[961]: Generating public/private rsa key pair.
[   14.610048] cloud-init[961]: Your identification has been saved in /etc/ssh/ssh_host_rsa_key.
[   14.611445] cloud-init[961]: Your public key has been saved in /etc/ssh/ssh_host_rsa_key.pub.
[   14.612877] cloud-init[961]: The key fingerprint is:
[   14.613978] cloud-init[961]: SHA256:V+XdW4xv9pJ6dC5Fk/iHdzICu8K2MMR1BW3eCy69R0c root@ubuntu-xenial
[   14.615660] cloud-init[961]: The key's randomart image is:
[   14.617019] cloud-init[961]: +---[RSA 2048]----+
[   14.618035] cloud-init[961]: |          .o. .  |
[   14.619022] cloud-init[961]: |           .oo +.|
[   14.620134] cloud-init[961]: |        . .o..+ *|
[   14.621270] cloud-init[961]: |     . . ...o..+E|
[   14.622310] cloud-init[961]: |      o S .= ..*=|
[   14.623438] cloud-init[961]: |     .   .o + B=O|
[   14.624487] cloud-init[961]: |      o.   o =oO+|
[   14.625808] cloud-init[961]: |       o+ . ..+..|
[   14.627119] cloud-init[961]: |       ..o  .o . |
[   14.628297] cloud-init[961]: +----[SHA256]-----+
[   14.629322] cloud-init[961]: Generating public/private dsa key pair.
[   14.630491] cloud-init[961]: Your identification has been saved in /etc/ssh/ssh_host_dsa_key.
[   14.632078] cloud-init[961]: Your public key has been saved in /etc/ssh/ssh_host_dsa_key.pub.
[   14.633447] cloud-init[961]: The key fingerprint is:
[   14.634392] cloud-init[961]: SHA256:czGyLRsYKJCXEEGMCX3J6t5NaSqnqzF6R2so6/5kfQ0 root@ubuntu-xenial
[   14.635778] cloud-init[961]: The key's randomart image is:
[   14.637119] cloud-init[961]: +---[DSA 1024]----+
[   14.638101] cloud-init[961]: |@O o .           |
[   14.645148] cloud-init[961]: |+o+ +.           |
[   14.646501] cloud-init[961]: | ..o. . . o      |
[   14.648463] cloud-init[961]: |  ..   o + o     |
[   14.649648] cloud-init[961]: | .    .ES o      |
[   14.650780] cloud-init[961]: |  . o + o*       |
[   14.651737] cloud-init[961]: |o. * B ...       |
[   14.652956] cloud-init[961]: |ooB B o          |
[   14.654089] cloud-init[961]: |*B+O             |
[   14.655448] cloud-init[961]: +----[SHA256]-----+
[   14.656693] cloud-init[961]: Generating public/private ecdsa key pair.
[   14.658190] cloud-init[961]: Your identification has been saved in /etc/ssh/ssh_host_ecdsa_key.
[   14.658466] cloud-init[961]: Your public key has been saved in /etc/ssh/ssh_host_ecdsa_key.pub.
[   14.659501] cloud-init[961]: The key fingerprint is:
[   14.659750] cloud-init[961]: SHA256:ltgA1AuylcrhEJL++mBvlafGUl/wmgEilv+O4xJoVZI root@ubuntu-xenial
[   14.660029] cloud-init[961]: The key's randomart image is:
[   14.661117] cloud-init[961]: +---[ECDSA 256]---+
[   14.661711] cloud-init[961]: |oo .+o           |
[   14.662025] cloud-init[961]: |+ oE+o.          |
[   14.662578] cloud-init[961]: |.+.*o...         |
[   14.662964] cloud-init[961]: | ==o ..= .       |
[   14.663507] cloud-init[961]: |o = . + S        |
[   14.663879] cloud-init[961]: |.o o + + o       |
[   14.664489] cloud-init[961]: |.oo = + =        |
[   14.664897] cloud-init[961]: |.oo+.= +         |
[   14.665587] cloud-init[961]: |  ===.           |
[   14.666873] cloud-init[961]: +----[SHA256]-----+
[   14.667822] cloud-init[961]: Generating public/private ed25519 key pair.
[   14.669095] cloud-init[961]: Your identification has been saved in /etc/ssh/ssh_host_ed25519_key.
[   14.669639] cloud-init[961]: Your public key has been saved in /etc/ssh/ssh_host_ed25519_key.pub.
[   14.670240] cloud-init[961]: The key fingerprint is:
[   14.670807] cloud-init[961]: SHA256:tI1N+vuYrHC8jZ4FZKbE2ohR8xKkbt7L70hcuJ9xGfE root@ubuntu-xenial
[   14.671457] cloud-init[961]: The key's randomart image is:
[   14.672092] cloud-init[961]: +--[ED25519 256]--+
[   14.673038] cloud-init[961]: |   .=            |
[   14.674120] cloud-init[961]: |   o =           |
[   14.674701] cloud-init[961]: |  o . + * .      |
[   14.675301] cloud-init[961]: | . o B * X       |
[   14.676083] cloud-init[961]: |  + + + S E      |
[[   14.676412] cloud-init[961]: | o o o . =       |
[   14.679573] cloud-init[961]: |  . = o = o      |
[   14.680650] cloud-init[961]: |   o + * B +     |
[   14.680985] cloud-init[961]: |    +o=.*.*..    |
[   14.681576] cloud-init[961]: +----[SHA256]-----+
[0;32m  OK  [0m] Started Initial cloud-init job (metadata service crawler).
[[0;32m  OK  [0m] Reached target System Initialization.
[[0;32m  OK  [0m] Started Daily apt download activities.
         Starting LXD - unix socket.
[[0;32m  OK  [0m] Listening on D-Bus System Message Bus Socket.
[[0;32m  OK  [0m] Started Daily apt upgrade and clean activities.
[[0;32m  OK  [0m] Listening on ACPID Listen Socket.
[[0;32m  OK  [0m] Listening on UUID daemon activation socket.
[[0;32m  OK  [0m] Started ACPI Events Check.
[[0;32m  OK  [0m] Reached target Paths.
[[0;32m  OK  [0m] Started Message of the Day.
[[0;32m  OK  [0m] Started Daily Cleanup of Temporary Directories.
[[0;32m  OK  [0m] Reached target Timers.
         Starting Socket activation for snappy daemon.
[[0;32m  OK  [0m] Reached target Network is Online.
         Starting iSCSI initiator daemon (iscsid)...
[[0;32m  OK  [0m] Reached target Cloud-config availability.
[[0;32m  OK  [0m] Listening on LXD - unix socket.
[[0;32m  OK  [0m] Listening on Socket activation for snappy daemon.
[[0;32m  OK  [0m] Reached target Sockets.
[[0;32m  OK  [0m] Reached target Basic System.
         Starting Virtualbox guest utils...
[[0;32m  OK  [0m] Started D-Bus System Message Bus.
         Starting System Logging Service...
[[0;32m  OK  [0m] Started Deferred execution scheduler.
         Starting Snappy daemon...
[[0;32m  OK  [0m] Started ACPI event daemon.
         Starting LXD - container startup/shutdown...
[[0;32m  OK  [0m] Started Regular background program processing daemon.
         Starting /etc/rc.local Compatibility...
         Starting Login Service...
         Starting LSB: MD monitoring daemon...
[[0;32m  OK  [0m] Started FUSE filesystem for LXC.
         Starting Accounts Service...
         Starting LSB: Record successful boot for GRUB...
         Starting Pollinate to seed the pseudo random number generator...
[[0;32m  OK  [0m] Started System Logging Service.
[[0;32m  OK  [0m] Started /etc/rc.local Compatibility.
[[0;32m  OK  [0m] Started iSCSI initiator daemon (iscsid).
         Starting Login to default iSCSI targets...
[[0;32m  OK  [0m] Started Login Service.
[[0;32m  OK  [0m] Started Unattended Upgrades Shutdown.
[[0;32m  OK  [0m] Started Login to default iSCSI targets.
[[0;32m  OK  [0m] Reached target Remote File Systems (Pre).
[[0;32m  OK  [0m] Reached target Remote File Systems.
         Starting Permit User Sessions...
         Starting LSB: automatic crash report generation...
         Starting LSB: daemon to balance interrupts for SMP systems...
         Starting LSB: Set the CPU Frequency Scaling governor to "ondemand"...
[[0;32m  OK  [0m] Started Permit User Sessions.
         Starting Hold until boot process finishes up...
         Starting Terminate Plymouth Boot Screen...
[[0;32m  OK  [0m] Started Hold until boot process finishes up.
[[0;32m  OK  [0m] Started Terminate Plymouth Boot Screen.
[[0;32m  OK  [0m] Started LSB: MD monitoring daemon.
         Starting Set console scheme...
[[0;32m  OK  [0m] Started Serial Getty on ttyS0.
[[0;32m  OK  [0m] Started Getty on tty1.
[[0;32m  OK  [0m] Reached target Login Prompts.
[[0;32m  OK  [0m] Started LSB: Record successful boot for GRUB.
[[0;32m  OK  [0m] Started LXD - container startup/shutdown.
[[0;32m  OK  [0m] Started LSB: automatic crash report generation.
[[0;32m  OK  [0m] Started LSB: Set the CPU Frequency Scaling governor to "ondemand".
[[0;32m  OK  [0m] Started Set console scheme.
[[0;32m  OK  [0m] Started LSB: daemon to balance interrupts for SMP systems.
         Starting Authenticate and Authorize Users to Run Privileged Tasks...
[[0;32m  OK  [0m] Started Virtualbox guest utils.
[[0;32m  OK  [0m] Started Authenticate and Authorize Users to Run Privileged Tasks.
[[0;32m  OK  [0m] Started Accounts Service.
[[0;32m  OK  [0m] Started Snappy daemon.
         Starting Wait until snapd is fully seeded...
[[0;32m  OK  [0m] Started Pollinate to seed the pseudo random number generator.
         Starting OpenBSD Secure Shell server...
[[0;32m  OK  [0m] Started OpenBSD Secure Shell server.
[[0;32m  OK  [0m] Started Wait until snapd is fully seeded.
         Starting Apply the settings specified in cloud-config...
[[0;32m  OK  [0m] Reached target Multi-User System.
[[0;32m  OK  [0m] Reached target Graphical Interface.
         Starting Update UTMP about System Runlevel Changes...
[[0;32m  OK  [0m] Started Update UTMP about System Runlevel Changes.
[   16.328490] cloud-init[1319]: Generating locales (this might take a while)...
[   17.333889] cloud-init[1319]:   en_US.UTF-8... done
[   17.335480] cloud-init[1319]: Generation complete.
[   17.667509] cloud-init[1319]: Cloud-init v. 19.4-33-gbb4131a2-0ubuntu1~16.04.1 running 'modules:config' at Wed, 24 Jun 2020 07:49:27 +0000. Up 16.22 seconds.
[[0;32m  OK  [0m] Started Apply the settings specified in cloud-config.
         Starting Execute cloud user/final scripts...
ci-info: no authorized SSH keys fingerprints found for user ubuntu.
<14>Jun 24 07:49:29 ec2: 
<14>Jun 24 07:49:29 ec2: #############################################################
<14>Jun 24 07:49:29 ec2: -----BEGIN SSH HOST KEY FINGERPRINTS-----
<14>Jun 24 07:49:29 ec2: 1024 SHA256:czGyLRsYKJCXEEGMCX3J6t5NaSqnqzF6R2so6/5kfQ0 root@ubuntu-xenial (DSA)
<14>Jun 24 07:49:29 ec2: 256 SHA256:ltgA1AuylcrhEJL++mBvlafGUl/wmgEilv+O4xJoVZI root@ubuntu-xenial (ECDSA)
<14>Jun 24 07:49:29 ec2: 256 SHA256:tI1N+vuYrHC8jZ4FZKbE2ohR8xKkbt7L70hcuJ9xGfE root@ubuntu-xenial (ED25519)
<14>Jun 24 07:49:29 ec2: 2048 SHA256:V+XdW4xv9pJ6dC5Fk/iHdzICu8K2MMR1BW3eCy69R0c root@ubuntu-xenial (RSA)
<14>Jun 24 07:49:29 ec2: -----END SSH HOST KEY FINGERPRINTS-----
<14>Jun 24 07:49:29 ec2: #############################################################
-----BEGIN SSH HOST KEY KEYS-----
ecdsa-sha2-nistp256 AAAAE2VjZHNhLXNoYTItbmlzdHAyNTYAAAAIbmlzdHAyNTYAAABBBJZFvyUCbPPx+bnyqK9lV9evNRpzOTG/r335f3H5gApq4vP64yelss9U4eZisouLBebR6OquRFCrOlxZyugsRPw= root@ubuntu-xenial
ssh-ed25519 AAAAC3NzaC1lZDI1NTE5AAAAIA+rjGheo0ArZGTuVVHXGRQ02fwpyzepFVulSvI4iYn7 root@ubuntu-xenial
ssh-rsa AAAAB3NzaC1yc2EAAAADAQABAAABAQDTld5VQvpvTFpKt8pFREnWdktJXGArtxin9QqUaaKf3bJJnbubqM3YQdciTt0REoM7tTmOPpLcbbk7DTySrUuJJvUJDjxkybKaFGYjM3IIR78fmlSwrbIomgpDT18EqDXbK6ZHkUmbVpBFF9TPrkTmh5j0uGTpI+OSUhINMhHOSuXQZCNaNEDIwW+nJO5lmbMnbNcKEBTMAqvSm/jNhBVMYin8tCZkRXk2JyhpywltHUDnIuFTYMkEk9/zBpLsSnPmRiiZuc2xnzLZySzU8HIjRyy0XMPo/KUtoq9wBjTmGz7ShteCsO5sS7ShhTjHkOf+hqQo+BFEL2rP3rm7Xrrl root@ubuntu-xenial
-----END SSH HOST KEY KEYS-----
[   18.162136] cloud-init[1362]: Cloud-init v. 19.4-33-gbb4131a2-0ubuntu1~16.04.1 running 'modules:final' at Wed, 24 Jun 2020 07:49:29 +0000. Up 18.00 seconds.
[   18.164909] cloud-init[1362]: ci-info: no authorized SSH keys fingerprints found for user ubuntu.
[   18.166882] cloud-init[1362]: Cloud-init v. 19.4-33-gbb4131a2-0ubuntu1~16.04.1 finished at Wed, 24 Jun 2020 07:49:29 +0000. Datasource DataSourceNoCloud [seed=/dev/sdb][dsmode=net].  Up 18.15 seconds
[[0;32m  OK  [0m] Started Execute cloud user/final scripts.
[[0;32m  OK  [0m] Reached target Cloud-init target.

Ubuntu 16.04.6 LTS ubuntu-xenial ttyS0

ubuntu-xenial login: 